Building DAG of jobs...
Using shell: /usr/bin/bash
Provided cores: 10
Rules claiming more threads will be scaled down.
Job stats:
job        count    min threads    max threads
-------  -------  -------------  -------------
tximeta        1              1              1
total          1              1              1

Select jobs to execute...

[Sun May 29 20:51:31 2022]
rule tximeta:
    input: quants/G/quant.sf, quants/M/quant.sf
    output: data/geneSumExp.rds
    jobid: 0
    reason: Missing output files: data/geneSumExp.rds
    resources: tmpdir=/tmp

[Sun May 29 20:51:46 2022]
Finished job 0.
1 of 1 steps (100%) done
Complete log: .snakemake/log/2022-05-29T205131.891914.snakemake.log
