Building DAG of jobs...
Using shell: /usr/bin/bash
Provided cores: 10
Rules claiming more threads will be scaled down.
Job stats:
job        count    min threads    max threads
-------  -------  -------------  -------------
tximeta        1              1              1
total          1              1              1

Select jobs to execute...

[Sun May 29 20:38:34 2022]
rule tximeta:
    input: quants/G/quant.sf, quants/M/quant.sf
    output: data/geneSumExp.rds
    jobid: 0
    reason: Missing output files: data/geneSumExp.rds
    resources: tmpdir=/tmp

[Sun May 29 20:38:34 2022]
Error in rule tximeta:
    jobid: 0
    output: data/geneSumExp.rds
    shell:
        scripts/tximeta.R
        (one of the commands exited with non-zero exit code; note that snakemake uses bash strict mode!)

Shutting down, this might take some time.
Exiting because a job execution failed. Look above for error message
Complete log: .snakemake/log/2022-05-29T203834.230067.snakemake.log
