Building DAG of jobs...
Using shell: /usr/bin/bash
Provided cores: 10
Rules claiming more threads will be scaled down.
Job stats:
job             count    min threads    max threads
------------  -------  -------------  -------------
salmon_quant        1              1              1
total               1              1              1

Select jobs to execute...

[Sun May 29 15:31:21 2022]
rule salmon_quant:
    input: data/LSC-G_1.fastq.gz, data/LSC-G_2.fastq.gz, /home/Bill/Documents/DataAnalysis/ZCMiceBulk/ref/salmon_mouse_index
    output: quants/G/quant.sf
    jobid: 0
    reason: Missing output files: quants/G/quant.sf
    wildcards: sample=G
    resources: tmpdir=/tmp

[Sun May 29 15:39:00 2022]
Finished job 0.
1 of 1 steps (100%) done
Complete log: .snakemake/log/2022-05-29T153121.667298.snakemake.log
