Building DAG of jobs...
Using shell: /usr/bin/bash
Provided cores: 10
Rules claiming more threads will be scaled down.
Job stats:
job             count    min threads    max threads
------------  -------  -------------  -------------
salmon_quant        1              1              1
total               1              1              1

Select jobs to execute...

[Sun May 29 15:39:51 2022]
rule salmon_quant:
    input: data/LSC-M_1.fastq.gz, data/LSC-M_2.fastq.gz, /home/Bill/Documents/DataAnalysis/ZCMiceBulk/ref/salmon_mouse_index
    output: quants/M/quant.sf
    jobid: 1
    reason: Missing output files: quants/M/quant.sf
    wildcards: sample=M
    resources: tmpdir=/tmp

[Sun May 29 15:46:39 2022]
Finished job 1.
1 of 1 steps (100%) done
Complete log: .snakemake/log/2022-05-29T153951.366874.snakemake.log
